<?xml version="1.0" encoding="UTF-8"?>
<!-- Generated by org.testng.reporters.JUnitXMLReporter -->
<testsuite ignored="0" hostname="DESKTOP-VC8FMVO" failures="1" tests="6" name="Test" time="3.847" errors="0" timestamp="2023-02-11T14:20:42 IST">
  <testcase classname="HIMSTesting.Test1" name="@BeforeMethod setup" time="3.652">
    <failure type="java.io.FileNotFoundException" message="C:\Users\laxman\OneDrive\Desktop\Testing\Automation_Project\HIMS Project\Test Data1\HIMS DATA.xlsx (The system cannot find the path specified)">
      <![CDATA[java.io.FileNotFoundException: C:\Users\laxman\OneDrive\Desktop\Testing\Automation_Project\HIMS Project\Test Data1\HIMS DATA.xlsx (The system cannot find the path specified)
at java.base/java.io.FileInputStream.open0(Native Method)
at java.base/java.io.FileInputStream.open(FileInputStream.java:219)
at java.base/java.io.FileInputStream.<init>(FileInputStream.java:158)
at java.base/java.io.FileInputStream.<init>(FileInputStream.java:112)
at Utility.Files.readExcelFile(Files.java:19)
at Module.NetworkMemTypeProfile.VerifyAppLogIn(NetworkMemTypeProfile.java:28)
at HIMSTesting.Test1.setup(Test1.java:29)
at java.base/java.util.ArrayList.forEach(ArrayList.java:1511)
... Removed 29 stack frames]]>
    </failure>
  </testcase> <!-- @BeforeMethod setup -->
  <testcase classname="HIMSTesting.Test1" name="@AfterMethod exit" time="-1.676105442798E9">
    <skipped/>
  </testcase> <!-- @AfterMethod exit -->
  <testcase classname="HIMSTesting.Test1" name="@BeforeMethod setup" time="-1.676105442807E9">
    <skipped/>
  </testcase> <!-- @BeforeMethod setup -->
  <testcase classname="HIMSTesting.Test1" name="@AfterMethod exit" time="-1.676105442814E9">
    <skipped/>
  </testcase> <!-- @AfterMethod exit -->
  <testcase classname="HIMSTesting.Test1" name="@BeforeMethod setup" time="-1.676105442831E9">
    <skipped/>
  </testcase> <!-- @BeforeMethod setup -->
  <testcase classname="HIMSTesting.Test1" name="@AfterMethod exit" time="-1.67610544285E9">
    <skipped/>
  </testcase> <!-- @AfterMethod exit -->
  <testcase classname="HIMSTesting.Test1" name="@BeforeMethod setup" time="-1.676105442861E9">
    <skipped/>
  </testcase> <!-- @BeforeMethod setup -->
  <testcase classname="HIMSTesting.Test1" name="@AfterMethod exit" time="-1.676105442877E9">
    <skipped/>
  </testcase> <!-- @AfterMethod exit -->
  <testcase classname="HIMSTesting.Test1" name="@BeforeMethod setup" time="-1.676105442885E9">
    <skipped/>
  </testcase> <!-- @BeforeMethod setup -->
  <testcase classname="HIMSTesting.Test1" name="@AfterMethod exit" time="-1.676105442897E9">
    <skipped/>
  </testcase> <!-- @AfterMethod exit -->
  <testcase classname="HIMSTesting.Test1" name="exit" time="0.0">
    <failure type="org.testng.TestNGException" message="
Cannot inject @Test annotated Method [exit] with [interface org.testng.ITestResult].
For more information on native dependency injection please refer to https://testng.org/doc/documentation-main.html#native-dependency-injection">
      <![CDATA[org.testng.TestNGException: 
For more information on native dependency injection please refer to https://testng.org/doc/documentation-main.html#native-dependency-injection
at java.base/java.util.ArrayList.forEach(ArrayList.java:1511)
... Removed 27 stack frames]]>
    </failure>
  </testcase> <!-- exit -->
  <testcase classname="HIMSTesting.Test1" name="nameTest" time="0.0">
    <skipped/>
  </testcase> <!-- nameTest -->
  <testcase classname="HIMSTesting.Test1" name="shortNemeTest" time="0.0">
    <skipped/>
  </testcase> <!-- shortNemeTest -->
  <testcase classname="HIMSTesting.Test1" name="netTypeTest" time="0.0">
    <skipped/>
  </testcase> <!-- netTypeTest -->
  <testcase classname="HIMSTesting.Test1" name="remarkTest" time="0.0">
    <skipped/>
  </testcase> <!-- remarkTest -->
  <testcase classname="HIMSTesting.Test1" name="saveBtnTest" time="0.0">
    <skipped/>
  </testcase> <!-- saveBtnTest -->
</testsuite> <!-- Test -->
