<?xml version="1.0" encoding="UTF-8"?>
<!-- Generated by org.testng.reporters.JUnitXMLReporter -->
<testsuite ignored="0" hostname="DESKTOP-VC8FMVO" failures="1" tests="6" name="Default test" time="0.773" errors="0" timestamp="2023-02-20T10:05:24 IST">
  <testcase classname="HIMSTesting.Test1" name="@BeforeMethod setup" time="0.658">
    <failure type="java.lang.AbstractMethodError" message="Receiver class org.openqa.selenium.chrome.ChromeDriverService$Builder does not define or inherit an implementation of the resolved method &amp;apos;abstract com.google.common.collect.ImmutableList createArgs()&amp;apos; of abstract class org.openqa.selenium.remote.service.DriverService$Builder.">
      <![CDATA[java.lang.AbstractMethodError: Receiver class org.openqa.selenium.chrome.ChromeDriverService$Builder does not define or inherit an implementation of the resolved method 'abstract com.google.common.collect.ImmutableList createArgs()' of abstract class org.openqa.selenium.remote.service.DriverService$Builder.
at org.openqa.selenium.remote.service.DriverService$Builder.build(DriverService.java:358)
at org.openqa.selenium.chrome.ChromeDriverService.createDefaultService(ChromeDriverService.java:127)
at org.openqa.selenium.chrome.ChromeDriver.<init>(ChromeDriver.java:46)
at Browser.Login.initilizationB(Login.java:17)
at HIMSTesting.Test1.setup(Test1.java:26)
at java.base/jdk.internal.reflect.DirectMethodHandleAccessor.invoke(DirectMethodHandleAccessor.java:104)
at java.base/java.lang.reflect.Method.invoke(Method.java:578)
at org.testng.internal.MethodInvocationHelper.invokeMethod(MethodInvocationHelper.java:133)
at org.testng.internal.MethodInvocationHelper.invokeMethodConsideringTimeout(MethodInvocationHelper.java:62)
at org.testng.internal.ConfigInvoker.invokeConfigurationMethod(ConfigInvoker.java:385)
at org.testng.internal.ConfigInvoker.invokeConfigurations(ConfigInvoker.java:321)
at org.testng.internal.TestInvoker.runConfigMethods(TestInvoker.java:700)
at org.testng.internal.TestInvoker.invokeMethod(TestInvoker.java:527)
at org.testng.internal.TestInvoker.invokeTestMethod(TestInvoker.java:173)
at org.testng.internal.MethodRunner.runInSequence(MethodRunner.java:46)
at org.testng.internal.TestInvoker$MethodInvocationAgent.invoke(TestInvoker.java:824)
at org.testng.internal.TestInvoker.invokeTestMethods(TestInvoker.java:146)
at org.testng.internal.TestMethodWorker.invokeTestMethods(TestMethodWorker.java:146)
at org.testng.internal.TestMethodWorker.run(TestMethodWorker.java:128)
at java.base/java.util.ArrayList.forEach(ArrayList.java:1511)
at org.testng.TestRunner.privateRun(TestRunner.java:794)
at org.testng.TestRunner.run(TestRunner.java:596)
at org.testng.SuiteRunner.runTest(SuiteRunner.java:377)
at org.testng.SuiteRunner.runSequentially(SuiteRunner.java:371)
at org.testng.SuiteRunner.privateRun(SuiteRunner.java:332)
at org.testng.SuiteRunner.run(SuiteRunner.java:276)
at org.testng.SuiteRunnerWorker.runSuite(SuiteRunnerWorker.java:53)
at org.testng.SuiteRunnerWorker.run(SuiteRunnerWorker.java:96)
at org.testng.TestNG.runSuitesSequentially(TestNG.java:1212)
at org.testng.TestNG.runSuitesLocally(TestNG.java:1134)
at org.testng.TestNG.runSuites(TestNG.java:1063)
at org.testng.TestNG.run(TestNG.java:1031)
at org.testng.remote.AbstractRemoteTestNG.run(AbstractRemoteTestNG.java:115)
at org.testng.remote.RemoteTestNG.initAndRun(RemoteTestNG.java:251)
at org.testng.remote.RemoteTestNG.main(RemoteTestNG.java:77)
]]>
    </failure>
  </testcase> <!-- @BeforeMethod setup -->
  <testcase classname="HIMSTesting.Test1" name="@AfterMethod exit" time="-1.676867724803E9">
    <skipped/>
  </testcase> <!-- @AfterMethod exit -->
  <testcase classname="HIMSTesting.Test1" name="@BeforeMethod setup" time="-1.676867724807E9">
    <skipped/>
  </testcase> <!-- @BeforeMethod setup -->
  <testcase classname="HIMSTesting.Test1" name="@AfterMethod exit" time="-1.676867724815E9">
    <skipped/>
  </testcase> <!-- @AfterMethod exit -->
  <testcase classname="HIMSTesting.Test1" name="@BeforeMethod setup" time="-1.67686772482E9">
    <skipped/>
  </testcase> <!-- @BeforeMethod setup -->
  <testcase classname="HIMSTesting.Test1" name="@AfterMethod exit" time="-1.676867724825E9">
    <skipped/>
  </testcase> <!-- @AfterMethod exit -->
  <testcase classname="HIMSTesting.Test1" name="@BeforeMethod setup" time="-1.676867724829E9">
    <skipped/>
  </testcase> <!-- @BeforeMethod setup -->
  <testcase classname="HIMSTesting.Test1" name="@AfterMethod exit" time="-1.676867724838E9">
    <skipped/>
  </testcase> <!-- @AfterMethod exit -->
  <testcase classname="HIMSTesting.Test1" name="@BeforeMethod setup" time="-1.676867724841E9">
    <skipped/>
  </testcase> <!-- @BeforeMethod setup -->
  <testcase classname="HIMSTesting.Test1" name="@AfterMethod exit" time="-1.676867724849E9">
    <skipped/>
  </testcase> <!-- @AfterMethod exit -->
  <testcase classname="HIMSTesting.Test1" name="exit" time="0.0">
    <failure type="org.testng.TestNGException" message="
Cannot inject @Test annotated Method [exit] with [interface org.testng.ITestResult].
For more information on native dependency injection please refer to https://testng.org/doc/documentation-main.html#native-dependency-injection">
      <![CDATA[org.testng.TestNGException: 
Cannot inject @Test annotated Method [exit] with [interface org.testng.ITestResult].
For more information on native dependency injection please refer to https://testng.org/doc/documentation-main.html#native-dependency-injection
at org.testng.internal.Parameters.checkParameterTypes(Parameters.java:439)
at org.testng.internal.Parameters.createParametersForMethod(Parameters.java:353)
at org.testng.internal.Parameters.createParameters(Parameters.java:708)
at org.testng.internal.Parameters.handleParameters(Parameters.java:884)
at org.testng.internal.Parameters.handleParameters(Parameters.java:740)
at org.testng.internal.ParameterHandler.handleParameters(ParameterHandler.java:59)
at org.testng.internal.ParameterHandler.createParameters(ParameterHandler.java:38)
at org.testng.internal.TestInvoker$MethodInvocationAgent.invoke(TestInvoker.java:791)
at org.testng.internal.TestInvoker.invokeTestMethods(TestInvoker.java:146)
at org.testng.internal.TestMethodWorker.invokeTestMethods(TestMethodWorker.java:146)
at org.testng.internal.TestMethodWorker.run(TestMethodWorker.java:128)
at java.base/java.util.ArrayList.forEach(ArrayList.java:1511)
at org.testng.TestRunner.privateRun(TestRunner.java:794)
at org.testng.TestRunner.run(TestRunner.java:596)
at org.testng.SuiteRunner.runTest(SuiteRunner.java:377)
at org.testng.SuiteRunner.runSequentially(SuiteRunner.java:371)
at org.testng.SuiteRunner.privateRun(SuiteRunner.java:332)
at org.testng.SuiteRunner.run(SuiteRunner.java:276)
at org.testng.SuiteRunnerWorker.runSuite(SuiteRunnerWorker.java:53)
at org.testng.SuiteRunnerWorker.run(SuiteRunnerWorker.java:96)
at org.testng.TestNG.runSuitesSequentially(TestNG.java:1212)
at org.testng.TestNG.runSuitesLocally(TestNG.java:1134)
at org.testng.TestNG.runSuites(TestNG.java:1063)
at org.testng.TestNG.run(TestNG.java:1031)
at org.testng.remote.AbstractRemoteTestNG.run(AbstractRemoteTestNG.java:115)
at org.testng.remote.RemoteTestNG.initAndRun(RemoteTestNG.java:251)
at org.testng.remote.RemoteTestNG.main(RemoteTestNG.java:77)
]]>
    </failure>
  </testcase> <!-- exit -->
  <testcase classname="HIMSTesting.Test1" name="nameTest" time="0.0">
    <skipped/>
  </testcase> <!-- nameTest -->
  <testcase classname="HIMSTesting.Test1" name="shortNemeTest" time="0.0">
    <skipped/>
  </testcase> <!-- shortNemeTest -->
  <testcase classname="HIMSTesting.Test1" name="netTypeTest" time="0.0">
    <skipped/>
  </testcase> <!-- netTypeTest -->
  <testcase classname="HIMSTesting.Test1" name="remarkTest" time="0.0">
    <skipped/>
  </testcase> <!-- remarkTest -->
  <testcase classname="HIMSTesting.Test1" name="saveBtnTest" time="0.0">
    <skipped/>
  </testcase> <!-- saveBtnTest -->
</testsuite> <!-- Default test -->
